<?xml version="1.0" encoding="UTF-8"?>
<!-- Generated by org.testng.reporters.JUnitXMLReporter -->
<testsuite hostname="Icarus" ignored="0" name="Default test" tests="10" failures="0" timestamp="2019-11-25T03:01:03 IST" time="35.284" errors="0">
  <testcase name="testCase02" time="0.237" classname="Selenium.letsKodItTestCases"/>
  <testcase name="testCase03" time="0.125" classname="Selenium.letsKodItTestCases"/>
  <testcase name="testCase06" time="0.196" classname="Selenium.letsKodItTestCases"/>
  <testcase name="testCase07" time="0.241" classname="Selenium.letsKodItTestCases"/>
  <testcase name="testCase08" time="0.314" classname="Selenium.letsKodItTestCases"/>
  <testcase name="testCase09" time="0.145" classname="Selenium.letsKodItTestCases"/>
  <testcase name="testCase01" time="0.216" classname="Selenium.letsKodItTestCases"/>
  <testcase name="testCase04" time="0.166" classname="Selenium.letsKodItTestCases"/>
  <testcase name="testCase10" time="10.262" classname="Selenium.letsKodItTestCases"/>
  <testcase name="testCase05" time="5.622" classname="Selenium.letsKodItTestCases"/>
</testsuite> <!-- Default test -->
