<?xml version="1.0" encoding="UTF-8"?>
<!-- Generated by org.testng.reporters.JUnitXMLReporter -->
<testsuite hostname="Icarus" ignored="0" name="Test" tests="11" failures="2" timestamp="2019-11-27T02:22:28 IST" time="19.137" errors="0">
  <testcase name="testCase02" time="0.458" classname="Selenium.letsKodItTestCases"/>
  <testcase name="testCase03" time="0.279" classname="Selenium.letsKodItTestCases"/>
  <testcase name="testCase06" time="0.386" classname="Selenium.letsKodItTestCases"/>
  <testcase name="testCase07" time="0.404" classname="Selenium.letsKodItTestCases"/>
  <testcase name="testCase08" time="0.413" classname="Selenium.letsKodItTestCases"/>
  <testcase name="testCase09" time="0.169" classname="Selenium.letsKodItTestCases"/>
  <testcase name="testCase01" time="0.299" classname="Selenium.letsKodItTestCases"/>
  <testcase name="testCase04" time="0.249" classname="Selenium.letsKodItTestCases"/>
  <testcase name="testCase10" time="0.026" classname="Selenium.letsKodItTestCases">
    <failure type="java.lang.IndexOutOfBoundsException" message="Index: 10, Size: 4">
      <![CDATA[java.lang.IndexOutOfBoundsException: Index: 10, Size: 4
at java.util.ArrayList.rangeCheck(ArrayList.java:657)
at java.util.ArrayList.get(ArrayList.java:433)
at Selenium.letsKodItTestCases.testCase10(letsKodItTestCases.java:145)
at java.util.ArrayList.forEach(ArrayList.java:1257)
... Removed 27 stack frames]]>
    </failure>
  </testcase> <!-- testCase10 -->
  <testcase name="testCase05" time="4.459" classname="Selenium.letsKodItTestCases"/>
  <testcase name="testCase11" time="0.175" classname="Selenium.msrctcTestCases">
    <failure type="org.testng.internal.reflect.MethodMatcherException" message="
[public void Selenium.msrctcTestCases.testCase11(java.lang.String,java.lang.String) throws java.io.IOException] has no parameters defined but was found to be using a data provider (either explicitly specified or inherited from class level annotation).
Data provider mismatch
Method: testCase11([Parameter{index=0, type=java.lang.String, declaredAnnotations=[]}, Parameter{index=1, type=java.lang.String, declaredAnnotations=[]}])
Arguments: [(java.lang.String) testCase11,(java.lang.String) Man,(java.lang.String) Mangalore,(java.lang.String) 0]">
      <![CDATA[org.testng.internal.reflect.MethodMatcherException: 
[public void Selenium.msrctcTestCases.testCase11(java.lang.String,java.lang.String) throws java.io.IOException] has no parameters defined but was found to be using a data provider (either explicitly specified or inherited from class level annotation).
Data provider mismatch
Method: testCase11([Parameter{index=0, type=java.lang.String, declaredAnnotations=[]}, Parameter{index=1, type=java.lang.String, declaredAnnotations=[]}])
Arguments: [(java.lang.String) testCase11,(java.lang.String) Man,(java.lang.String) Mangalore,(java.lang.String) 0]
at java.util.ArrayList.forEach(ArrayList.java:1257)
... Removed 22 stack frames]]>
    </failure>
  </testcase> <!-- testCase11 -->
</testsuite> <!-- Test -->
